[INFO] Scanning for projects...
[INFO]                                                                         
[INFO] ------------------------------------------------------------------------
[INFO] Building demomysql 0.0.1-SNAPSHOT
[INFO] ------------------------------------------------------------------------
[INFO] 
[INFO] >>> spring-boot-maven-plugin:1.5.8.RELEASE:run (default-cli) > test-compile @ demomysql >>>
[INFO] 
[INFO] --- maven-resources-plugin:2.6:resources (default-resources) @ demomysql ---
[INFO] Using 'UTF-8' encoding to copy filtered resources.
[INFO] Copying 1 resource
[INFO] Copying 0 resource
[INFO] 
[INFO] --- maven-compiler-plugin:3.1:compile (default-compile) @ demomysql ---
[INFO] Nothing to compile - all classes are up to date
[INFO] 
[INFO] --- maven-resources-plugin:2.6:testResources (default-testResources) @ demomysql ---
[INFO] Using 'UTF-8' encoding to copy filtered resources.
[INFO] skip non existing resourceDirectory /Users/meirenfeng/lynn_workspace/demomysql/src/test/resources
[INFO] 
[INFO] --- maven-compiler-plugin:3.1:testCompile (default-testCompile) @ demomysql ---
[INFO] Nothing to compile - all classes are up to date
[INFO] 
[INFO] <<< spring-boot-maven-plugin:1.5.8.RELEASE:run (default-cli) < test-compile @ demomysql <<<
[INFO] 
[INFO] --- spring-boot-maven-plugin:1.5.8.RELEASE:run (default-cli) @ demomysql ---

  .   ____          _            __ _ _
 /\\ / ___'_ __ _ _(_)_ __  __ _ \ \ \ \
( ( )\___ | '_ | '_| | '_ \/ _` | \ \ \ \
 \\/  ___)| |_)| | | | | || (_| |  ) ) ) )
  '  |____| .__|_| |_|_| |_\__, | / / / /
 =========|_|==============|___/=/_/_/_/
 :: Spring Boot ::        (v1.5.8.RELEASE)

2017-11-10 11:31:39.623  INFO 1091 --- [           main] c.e.demomysql.DemomysqlApplication       : Starting DemomysqlApplication on meirenfeng.local with PID 1091 (/Users/meirenfeng/lynn_workspace/demomysql/target/classes started by meirenfeng in /Users/meirenfeng/lynn_workspace/demomysql)
2017-11-10 11:31:39.627  INFO 1091 --- [           main] c.e.demomysql.DemomysqlApplication       : No active profile set, falling back to default profiles: default
2017-11-10 11:31:39.700  INFO 1091 --- [           main] ationConfigEmbeddedWebApplicationContext : Refreshing org.springframework.boot.context.embedded.AnnotationConfigEmbeddedWebApplicationContext@1f3ce619: startup date [Fri Nov 10 11:31:39 CST 2017]; root of context hierarchy
2017-11-10 11:31:41.923  INFO 1091 --- [           main] s.b.c.e.t.TomcatEmbeddedServletContainer : Tomcat initialized with port(s): 8080 (http)
2017-11-10 11:31:41.945  INFO 1091 --- [           main] o.apache.catalina.core.StandardService   : Starting service [Tomcat]
2017-11-10 11:31:41.946  INFO 1091 --- [           main] org.apache.catalina.core.StandardEngine  : Starting Servlet Engine: Apache Tomcat/8.5.23
2017-11-10 11:31:42.083  INFO 1091 --- [ost-startStop-1] o.a.c.c.C.[Tomcat].[localhost].[/]       : Initializing Spring embedded WebApplicationContext
2017-11-10 11:31:42.084  INFO 1091 --- [ost-startStop-1] o.s.web.context.ContextLoader            : Root WebApplicationContext: initialization completed in 2391 ms
2017-11-10 11:31:42.275  INFO 1091 --- [ost-startStop-1] o.s.b.w.servlet.ServletRegistrationBean  : Mapping servlet: 'dispatcherServlet' to [/]
2017-11-10 11:31:42.280  INFO 1091 --- [ost-startStop-1] o.s.b.w.servlet.FilterRegistrationBean   : Mapping filter: 'characterEncodingFilter' to: [/*]
2017-11-10 11:31:42.281  INFO 1091 --- [ost-startStop-1] o.s.b.w.servlet.FilterRegistrationBean   : Mapping filter: 'hiddenHttpMethodFilter' to: [/*]
2017-11-10 11:31:42.281  INFO 1091 --- [ost-startStop-1] o.s.b.w.servlet.FilterRegistrationBean   : Mapping filter: 'httpPutFormContentFilter' to: [/*]
2017-11-10 11:31:42.281  INFO 1091 --- [ost-startStop-1] o.s.b.w.servlet.FilterRegistrationBean   : Mapping filter: 'requestContextFilter' to: [/*]
2017-11-10 11:31:43.142  INFO 1091 --- [           main] s.w.s.m.m.a.RequestMappingHandlerAdapter : Looking for @ControllerAdvice: org.springframework.boot.context.embedded.AnnotationConfigEmbeddedWebApplicationContext@1f3ce619: startup date [Fri Nov 10 11:31:39 CST 2017]; root of context hierarchy
2017-11-10 11:31:43.235  INFO 1091 --- [           main] s.w.s.m.m.a.RequestMappingHandlerMapping : Mapped "{[/hello]}" onto public java.lang.String com.example.demomysql.HelloController.helloWorld()
2017-11-10 11:31:43.240  INFO 1091 --- [           main] s.w.s.m.m.a.RequestMappingHandlerMapping : Mapped "{[/user/list]}" onto public java.lang.Object com.example.demomysql.UserController.list()
2017-11-10 11:31:43.244  INFO 1091 --- [           main] s.w.s.m.m.a.RequestMappingHandlerMapping : Mapped "{[/error]}" onto public org.springframework.http.ResponseEntity<java.util.Map<java.lang.String, java.lang.Object>> org.springframework.boot.autoconfigure.web.BasicErrorController.error(javax.servlet.http.HttpServletRequest)
2017-11-10 11:31:43.244  INFO 1091 --- [           main] s.w.s.m.m.a.RequestMappingHandlerMapping : Mapped "{[/error],produces=[text/html]}" onto public org.springframework.web.servlet.ModelAndView org.springframework.boot.autoconfigure.web.BasicErrorController.errorHtml(javax.servlet.http.HttpServletRequest,javax.servlet.http.HttpServletResponse)
2017-11-10 11:31:43.283  INFO 1091 --- [           main] o.s.w.s.handler.SimpleUrlHandlerMapping  : Mapped URL path [/webjars/**] onto handler of type [class org.springframework.web.servlet.resource.ResourceHttpRequestHandler]
2017-11-10 11:31:43.284  INFO 1091 --- [           main] o.s.w.s.handler.SimpleUrlHandlerMapping  : Mapped URL path [/**] onto handler of type [class org.springframework.web.servlet.resource.ResourceHttpRequestHandler]
2017-11-10 11:31:43.338  INFO 1091 --- [           main] o.s.w.s.handler.SimpleUrlHandlerMapping  : Mapped URL path [/**/favicon.ico] onto handler of type [class org.springframework.web.servlet.resource.ResourceHttpRequestHandler]
2017-11-10 11:31:43.604  INFO 1091 --- [           main] o.s.j.e.a.AnnotationMBeanExporter        : Registering beans for JMX exposure on startup
2017-11-10 11:31:43.697  INFO 1091 --- [           main] s.b.c.e.t.TomcatEmbeddedServletContainer : Tomcat started on port(s): 8080 (http)
2017-11-10 11:31:43.707  INFO 1091 --- [           main] c.e.demomysql.DemomysqlApplication       : Started DemomysqlApplication in 4.675 seconds (JVM running for 8.8)
2017-11-10 11:31:44.161  INFO 1091 --- [       Thread-3] ationConfigEmbeddedWebApplicationContext : Closing org.springframework.boot.context.embedded.AnnotationConfigEmbeddedWebApplicationContext@1f3ce619: startup date [Fri Nov 10 11:31:39 CST 2017]; root of context hierarchy
2017-11-10 11:31:44.163  INFO 1091 --- [       Thread-3] o.s.j.e.a.AnnotationMBeanExporter        : Unregistering JMX-exposed beans on shutdown
